<?xml version="1.0" encoding="UTF-8"?>
<!-- Generated by org.testng.reporters.JUnitXMLReporter -->
<testsuite hostname="DVCINH6092278" name="Test" tests="4" failures="0" timestamp="30 Mar 2021 16:35:37 GMT" time="39.815" errors="0">
  <testcase name="basePageNavigation" time="15.735" classname="Work_folder.ValidateTitle"/>
  <testcase name="basePageNavigation" time="6.08" classname="Work_folder.validateNavBar"/>
  <testcase name="basePageNavigation" time="8.694" classname="Work_folder.HomePage"/>
  <testcase name="basePageNavigation" time="8.464" classname="Work_folder.HomePage"/>
</testsuite> <!-- Test -->
