<?xml version="1.0" encoding="UTF-8"?>
<!-- Generated by org.testng.reporters.JUnitXMLReporter -->
<testsuite hostname="DVCINH6092278" name="Validating Title" tests="1" failures="1" timestamp="15 Apr 2021 19:04:50 GMT" time="18.179" errors="0">
  <testcase name="validatetitle" time="16.307" classname="Work_folder.ValidateTitle">
    <failure type="junit.framework.ComparisonFailure" message="expected:&amp;lt;......&amp;gt; but was:&amp;lt;...T...&amp;gt;">
      <![CDATA[junit.framework.ComparisonFailure: expected:<......> but was:<...T...>
	at junit.framework.Assert.assertEquals(Assert.java:81)
	at junit.framework.Assert.assertEquals(Assert.java:87)
	at Work_folder.ValidateTitle.validatetitle(ValidateTitle.java:31)
	at java.util.concurrent.FutureTask.run(FutureTask.java:266)
	at java.util.concurrent.ThreadPoolExecutor.runWorker(ThreadPoolExecutor.java:1149)
	at java.util.concurrent.ThreadPoolExecutor$Worker.run(ThreadPoolExecutor.java:624)
	at java.lang.Thread.run(Thread.java:748)
... Removed 16 stack frames]]>
    </failure>
  </testcase> <!-- validatetitle -->
</testsuite> <!-- Validating Title -->
