<?xml version="1.0" encoding="UTF-8"?>
<!-- Generated by org.testng.reporters.JUnitXMLReporter -->
<testsuite hostname="DVCINH6092278" ignored="0" name="Homepage_Username_Password_validating" tests="2" failures="0" timestamp="19 Apr 2021 20:57:06 GMT" time="43.442" errors="0">
  <testcase name="basePageNavigation" time="26.541" classname="Work_folder.HomePage"/>
  <testcase name="basePageNavigation" time="8.092" classname="Work_folder.HomePage"/>
</testsuite> <!-- Homepage_Username_Password_validating -->
