<?xml version="1.0" encoding="UTF-8"?>
<!-- Generated by org.testng.reporters.JUnitXMLReporter -->
<testsuite hostname="DVCINH6092278" ignored="0" name="Homepage_Username_Password_validating" tests="2" failures="0" timestamp="22 Apr 2021 20:55:07 GMT" time="28.027" errors="0">
  <testcase name="basePageNavigation" time="15.341" classname="Work_folder.HomePage"/>
  <testcase name="basePageNavigation" time="6.282" classname="Work_folder.HomePage"/>
</testsuite> <!-- Homepage_Username_Password_validating -->
