<?xml version="1.0" encoding="UTF-8"?>
<testng-results skipped="0" failed="1" ignored="0" total="4" passed="3">
  <reporter-output>
  </reporter-output>
  <suite name="Suite" duration-ms="30488" started-at="2021-04-15T19:22:49Z" finished-at="2021-04-15T19:23:20Z">
    <groups>
    </groups>
    <test name="Validating Title" duration-ms="22616" started-at="2021-04-15T19:22:49Z" finished-at="2021-04-15T19:23:12Z">
      <class name="Work_folder.ValidateTitle">
        <test-method status="FAIL" signature="validatetitle()[pri:0, instance:Work_folder.ValidateTitle@10959ece]" name="validatetitle" duration-ms="19391" started-at="2021-04-15T19:22:49Z" finished-at="2021-04-15T19:23:09Z">
          <exception class="junit.framework.ComparisonFailure">
            <message>
              <![CDATA[expected:<......> but was:<...T...>]]>
            </message>
            <full-stacktrace>
              <![CDATA[junit.framework.ComparisonFailure: expected:<......> but was:<...T...>
at junit.framework.Assert.assertEquals(Assert.java:81)
at junit.framework.Assert.assertEquals(Assert.java:87)
at Work_folder.ValidateTitle.validatetitle(ValidateTitle.java:31)
at sun.reflect.NativeMethodAccessorImpl.invoke0(Native Method)
at sun.reflect.NativeMethodAccessorImpl.invoke(NativeMethodAccessorImpl.java:62)
at sun.reflect.DelegatingMethodAccessorImpl.invoke(DelegatingMethodAccessorImpl.java:43)
at java.lang.reflect.Method.invoke(Method.java:498)
at org.testng.internal.MethodInvocationHelper.invokeMethod(MethodInvocationHelper.java:124)
at org.testng.internal.Invoker.invokeMethod(Invoker.java:580)
at org.testng.internal.Invoker.invokeTestMethod(Invoker.java:716)
at org.testng.internal.Invoker.invokeTestMethods(Invoker.java:988)
at org.testng.internal.TestMethodWorker.invokeTestMethods(TestMethodWorker.java:125)
at org.testng.internal.TestMethodWorker.run(TestMethodWorker.java:109)
at org.testng.TestRunner.privateRun(TestRunner.java:648)
at org.testng.TestRunner.run(TestRunner.java:505)
at org.testng.SuiteRunner.runTest(SuiteRunner.java:455)
at org.testng.SuiteRunner.access$000(SuiteRunner.java:40)
at org.testng.SuiteRunner$SuiteWorker.run(SuiteRunner.java:489)
at org.testng.internal.thread.ThreadUtil$1.call(ThreadUtil.java:52)
at java.util.concurrent.FutureTask.run(FutureTask.java:266)
at java.util.concurrent.ThreadPoolExecutor.runWorker(ThreadPoolExecutor.java:1149)
at java.util.concurrent.ThreadPoolExecutor$Worker.run(ThreadPoolExecutor.java:624)
at java.lang.Thread.run(Thread.java:748)
]]>
            </full-stacktrace>
          </exception> <!-- junit.framework.ComparisonFailure -->
          <reporter-output>
          </reporter-output>
        </test-method> <!-- validatetitle -->
        <test-method status="PASS" signature="close()[pri:0, instance:Work_folder.ValidateTitle@10959ece]" name="close" is-config="true" duration-ms="1268" started-at="2021-04-15T19:23:11Z" finished-at="2021-04-15T19:23:12Z">
          <reporter-output>
          </reporter-output>
        </test-method> <!-- close -->
      </class> <!-- Work_folder.ValidateTitle -->
    </test> <!-- Validating Title -->
    <test name="Validating_Vavigation_Bar" duration-ms="24368" started-at="2021-04-15T19:22:49Z" finished-at="2021-04-15T19:23:14Z">
      <class name="Work_folder.validateNavBar">
        <test-method status="PASS" signature="initilizeDriverInValidateNavBar()[pri:0, instance:Work_folder.validateNavBar@b62d79]" name="initilizeDriverInValidateNavBar" is-config="true" duration-ms="6075" started-at="2021-04-15T19:22:49Z" finished-at="2021-04-15T19:22:55Z">
          <reporter-output>
          </reporter-output>
        </test-method> <!-- initilizeDriverInValidateNavBar -->
        <test-method status="PASS" signature="validateVavigationBar()[pri:0, instance:Work_folder.validateNavBar@b62d79]" name="validateVavigationBar" duration-ms="13369" started-at="2021-04-15T19:22:55Z" finished-at="2021-04-15T19:23:09Z">
          <reporter-output>
          </reporter-output>
        </test-method> <!-- validateVavigationBar -->
        <test-method status="PASS" signature="close()[pri:0, instance:Work_folder.validateNavBar@b62d79]" name="close" is-config="true" duration-ms="4919" started-at="2021-04-15T19:23:09Z" finished-at="2021-04-15T19:23:14Z">
          <reporter-output>
          </reporter-output>
        </test-method> <!-- close -->
      </class> <!-- Work_folder.validateNavBar -->
    </test> <!-- Validating_Vavigation_Bar -->
    <test name="Homepage_Username_Password_validating" duration-ms="30487" started-at="2021-04-15T19:22:49Z" finished-at="2021-04-15T19:23:20Z">
      <class name="Work_folder.HomePage">
        <test-method status="PASS" signature="Initilize()[pri:0, instance:Work_folder.HomePage@120f102b]" name="Initilize" is-config="true" duration-ms="4470" started-at="2021-04-15T19:22:49Z" finished-at="2021-04-15T19:22:54Z">
          <reporter-output>
          </reporter-output>
        </test-method> <!-- Initilize -->
        <test-method status="PASS" signature="basePageNavigation(java.lang.String, java.lang.String)[pri:0, instance:Work_folder.HomePage@120f102b]" name="basePageNavigation" duration-ms="20094" started-at="2021-04-15T19:22:54Z" data-provider="getData" finished-at="2021-04-15T19:23:14Z">
          <params>
            <param index="0">
              <value>
                <![CDATA[pavan@gmail.com]]>
              </value>
            </param>
            <param index="1">
              <value>
                <![CDATA[123456]]>
              </value>
            </param>
          </params>
          <reporter-output>
          </reporter-output>
        </test-method> <!-- basePageNavigation -->
        <test-method status="PASS" signature="basePageNavigation(java.lang.String, java.lang.String)[pri:0, instance:Work_folder.HomePage@120f102b]" name="basePageNavigation" duration-ms="5669" started-at="2021-04-15T19:23:14Z" data-provider="getData" finished-at="2021-04-15T19:23:19Z">
          <params>
            <param index="0">
              <value>
                <![CDATA[pawar@gmail.com]]>
              </value>
            </param>
            <param index="1">
              <value>
                <![CDATA[123456]]>
              </value>
            </param>
          </params>
          <reporter-output>
          </reporter-output>
        </test-method> <!-- basePageNavigation -->
        <test-method status="PASS" signature="close()[pri:0, instance:Work_folder.HomePage@120f102b]" name="close" is-config="true" duration-ms="240" started-at="2021-04-15T19:23:19Z" finished-at="2021-04-15T19:23:20Z">
          <reporter-output>
          </reporter-output>
        </test-method> <!-- close -->
      </class> <!-- Work_folder.HomePage -->
    </test> <!-- Homepage_Username_Password_validating -->
  </suite> <!-- Suite -->
</testng-results>
