<?xml version="1.0" encoding="UTF-8"?>
<testsuite xmlns:xsi="http://www.w3.org/2001/XMLSchema-instance" xsi:noNamespaceSchemaLocation="https://maven.apache.org/surefire/maven-surefire-plugin/xsd/surefire-test-report-3.0.xsd" version="3.0" name="TestSuite" time="46.423" tests="4" errors="0" skipped="0" failures="1">
  <properties>
[...]
</properties>
  <testcase name="validatetitle" classname="Work_folder.ValidateTitle" time="18.73">
    <failure message="expected:&lt;......&gt; but was:&lt;...T...&gt;" type="junit.framework.ComparisonFailure"><![CDATA[junit.framework.ComparisonFailure: expected:<......> but was:<...T...>
	at Work_folder.ValidateTitle.validatetitle(ValidateTitle.java:31)
]]></failure>
    <system-err><![CDATA[Starting ChromeDriver 89.0.4389.23 (61b08ee2c50024bab004e48d2b1b083cdbdac579-refs/branch-heads/4389@{#294}) on port 14082
Only local connections are allowed.
Please see https:S/t/archtrinogm eCdhrriovmeeDrr.icvherro 8m9iu.m0..o4r3g8/9s.e2c3u r(i6t1y-cbon0s8iede2ecr5a0t0i2o4nbasb for0 su0g4geest4io8nds2 bon1 bk0e8e3pcidnbgd aCch5r7o9m-erDerfisv/berra nscahf-eh.ead
s/4389@{#294}) on port 18551
Only local connections are allowed.
Please see https://chromedriver.chromium.org/security-considerations for suggestions on Skteaerpitnign gC hCrhorommeeDDrriivveer r89 .s0a.f4e3.89
.23 (61b08ee2c50024bab004e48d2b1b083cdbdac579-refs/branch-heads/4389@{#294}) on port 10944
Only local connections are allowed.
Please see https://chromedriver.chromium.org/security-considerations for suggestions on keeping ChromeDriver safe.
ChromeDriver was started successfully.
ChromeDriver was started successfully.
ChromeDriver was started successfully.
Apr 19, 2021 3:56:29 PM org.openqa.selenium.remote.ProtocolHandshake createSession
INFO: Detected dialect: W3C
Apr 19, 2021 3:56:29 PM org.openqa.selenium.remote.ProtocolHandshake createSession
INFO: Detected dialect: W3C
Apr 19, 2021 3:56:29 PM org.openqa.selenium.remote.ProtocolHandshake createSession
INFO: Detected dialect: W3C
]]></system-err>
  </testcase>
  <testcase name="validateVavigationBar" classname="Work_folder.validateNavBar" time="20.781"/>
  <testcase name="basePageNavigation[pavan@gmail.com, 123456](1)" classname="Work_folder.HomePage" time="26.396"/>
  <testcase name="basePageNavigation[pawar@gmail.com, 123456](2)" classname="Work_folder.HomePage" time="8.092"/>
</testsuite>