-------------------------------------------------------------------------------
Test set: TestSuite
-------------------------------------------------------------------------------
Tests run: 4, Failures: 1, Errors: 0, Skipped: 0, Time elapsed: 46.423 s <<< FAILURE! - in TestSuite
Work_folder.ValidateTitle.validatetitle  Time elapsed: 18.73 s  <<< FAILURE!
junit.framework.ComparisonFailure: expected:<......> but was:<...T...>
	at Work_folder.ValidateTitle.validatetitle(ValidateTitle.java:31)

