<?xml version="1.0" encoding="UTF-8"?>
<testsuite xmlns:xsi="http://www.w3.org/2001/XMLSchema-instance" xsi:noNamespaceSchemaLocation="https://maven.apache.org/surefire/maven-surefire-plugin/xsd/surefire-test-report-3.0.xsd" version="3.0" name="TestSuite" time="32.095" tests="4" errors="0" skipped="0" failures="1">
  <properties>
[...]
</properties>
  <testcase name="validatetitle" classname="Work_folder.ValidateTitle" time="13.334">
    <failure message="expected:&lt;......&gt; but was:&lt;...T...&gt;" type="junit.framework.ComparisonFailure"><![CDATA[junit.framework.ComparisonFailure: expected:<......> but was:<...T...>
	at Work_folder.ValidateTitle.validatetitle(ValidateTitle.java:31)
]]></failure>
    <system-err><![CDATA[Starting ChromeDriver 89.0.4389.23 (61b08ee2cS5t0a0r2t4ibnabg0 0C4her4o8mde2Dbr1ibv0e8r3 89c.d0b.d4a38c9.52739 -(r6e1fbs0/8ebre2acn5c0h0-2h4ebaadbs0/0443e8498@d{2#b219b40}8)3 codnb dpaco57r9-tr e1f5s7/1br0a
nOnlchy- helaodcsa/l4 c3o8n9n@e{c#t2i9o4n}s) on port  4a85r1e4 
Onlya llloocwaeld. 
Pcleaosnen escetei ohnttsps://chromedri vaerr.chromieum .aolrlgo/wseedc.u
rPilteya-sceo nssee htidteprsat:i/on/schr omefdorriv esrug.cghersotmium.oirgo/nss eocnu rkieetpyi-ncg oChnrosmiedDerriavteir osanfse .fo
r suggestions on keeping ChromeDrivSetra rstaifneg. C
hromeDriver 89.0.4389.23 (61b08ee2c50024bab004e48d2b1b083cdbdac579-refs/branch-heads/4389@{#294}) on port 29180
Only local connections are allowed.
Please see https://chromedriver.chromium.org/security-considerations for suggestions on keeping ChromeDriver safe.
ChromeDriver was started successfully.
ChromeDriver was started successfully.
ChromeDriver was started successfully.
Apr 15, 2021 2:22:53 PM org.openqa.selenium.remote.ProtocolHandshake createSession
INFO: Detected dialect: W3C
Apr 15, 2021 2:22:53 PM org.openqa.selenium.remote.ProtocolHandshake createSession
INFO: Detected dialect: W3C
Apr 15, 2021 2:22:54 PM org.openqa.selenium.remote.ProtocolHandshake createSession
INFO: Detected dialect: W3C
]]></system-err>
  </testcase>
  <testcase name="validateVavigationBar" classname="Work_folder.validateNavBar" time="13.364"/>
  <testcase name="basePageNavigation[pavan@gmail.com, 123456](1)" classname="Work_folder.HomePage" time="18.491"/>
  <testcase name="basePageNavigation[pawar@gmail.com, 123456](2)" classname="Work_folder.HomePage" time="5.668"/>
</testsuite>