<?xml version="1.0" encoding="UTF-8"?>
<testng-results skipped="0" failed="0" ignored="0" total="5" passed="5">
  <reporter-output>
  </reporter-output>
  <suite name="Suite" duration-ms="28027" started-at="2021-04-22T20:54:39Z" finished-at="2021-04-22T20:55:07Z">
    <groups>
    </groups>
    <test name="Validating_Vavigation_Bar" duration-ms="23494" started-at="2021-04-22T20:54:39Z" finished-at="2021-04-22T20:55:02Z">
      <class name="Work_folder.validateNavBar">
        <test-method status="PASS" signature="initilizeDriverInValidateNavBar()[pri:0, instance:Work_folder.validateNavBar@b62d79]" name="initilizeDriverInValidateNavBar" is-config="true" duration-ms="5929" started-at="2021-04-22T20:54:39Z" finished-at="2021-04-22T20:54:45Z">
          <reporter-output>
          </reporter-output>
        </test-method> <!-- initilizeDriverInValidateNavBar -->
        <test-method status="PASS" signature="validateVavigationBar()[pri:0, instance:Work_folder.validateNavBar@b62d79]" name="validateVavigationBar" duration-ms="11332" started-at="2021-04-22T20:54:45Z" finished-at="2021-04-22T20:54:56Z">
          <reporter-output>
          </reporter-output>
        </test-method> <!-- validateVavigationBar -->
        <test-method status="PASS" signature="close()[pri:0, instance:Work_folder.validateNavBar@b62d79]" name="close" is-config="true" duration-ms="6229" started-at="2021-04-22T20:54:56Z" finished-at="2021-04-22T20:55:02Z">
          <reporter-output>
          </reporter-output>
        </test-method> <!-- close -->
      </class> <!-- Work_folder.validateNavBar -->
    </test> <!-- Validating_Vavigation_Bar -->
    <test name="Validating Title" duration-ms="24166" started-at="2021-04-22T20:54:39Z" finished-at="2021-04-22T20:55:03Z">
      <class name="Work_folder.ValidateTitle">
        <test-method status="PASS" signature="validatetitle()[pri:0, instance:Work_folder.ValidateTitle@10959ece]" name="validatetitle" duration-ms="16790" started-at="2021-04-22T20:54:39Z" finished-at="2021-04-22T20:54:56Z">
          <reporter-output>
          </reporter-output>
        </test-method> <!-- validatetitle -->
        <test-method status="PASS" signature="close()[pri:0, instance:Work_folder.ValidateTitle@10959ece]" name="close" is-config="true" duration-ms="7358" started-at="2021-04-22T20:54:56Z" finished-at="2021-04-22T20:55:03Z">
          <reporter-output>
          </reporter-output>
        </test-method> <!-- close -->
      </class> <!-- Work_folder.ValidateTitle -->
    </test> <!-- Validating Title -->
    <test name="GitCommands" duration-ms="25708" started-at="2021-04-22T20:54:39Z" finished-at="2021-04-22T20:55:05Z">
      <class name="Work_folder.Newtest">
        <test-method status="PASS" signature="NewTestMethodinitilizeDriver()[pri:0, instance:Work_folder.Newtest@693fe6c9]" name="NewTestMethodinitilizeDriver" is-config="true" duration-ms="6211" started-at="2021-04-22T20:54:39Z" finished-at="2021-04-22T20:54:45Z">
          <reporter-output>
          </reporter-output>
        </test-method> <!-- NewTestMethodinitilizeDriver -->
        <test-method status="PASS" signature="NewTestMethod()[pri:0, instance:Work_folder.Newtest@693fe6c9]" name="NewTestMethod" duration-ms="10135" started-at="2021-04-22T20:54:45Z" finished-at="2021-04-22T20:54:55Z">
          <reporter-output>
          </reporter-output>
        </test-method> <!-- NewTestMethod -->
        <test-method status="PASS" signature="close()[pri:0, instance:Work_folder.Newtest@693fe6c9]" name="close" is-config="true" duration-ms="9337" started-at="2021-04-22T20:54:55Z" finished-at="2021-04-22T20:55:05Z">
          <reporter-output>
          </reporter-output>
        </test-method> <!-- close -->
      </class> <!-- Work_folder.Newtest -->
    </test> <!-- GitCommands -->
    <test name="Homepage_Username_Password_validating" duration-ms="28027" started-at="2021-04-22T20:54:39Z" finished-at="2021-04-22T20:55:07Z">
      <class name="Work_folder.HomePage">
        <test-method status="PASS" signature="Initilize()[pri:0, instance:Work_folder.HomePage@120f102b]" name="Initilize" is-config="true" duration-ms="6235" started-at="2021-04-22T20:54:39Z" finished-at="2021-04-22T20:54:45Z">
          <reporter-output>
          </reporter-output>
        </test-method> <!-- Initilize -->
        <test-method status="PASS" signature="basePageNavigation(java.lang.String, java.lang.String)[pri:0, instance:Work_folder.HomePage@120f102b]" name="basePageNavigation" duration-ms="15341" started-at="2021-04-22T20:54:45Z" data-provider="getData" finished-at="2021-04-22T20:55:00Z">
          <params>
            <param index="0">
              <value>
                <![CDATA[pavan@gmail.com]]>
              </value>
            </param>
            <param index="1">
              <value>
                <![CDATA[123456]]>
              </value>
            </param>
          </params>
          <reporter-output>
          </reporter-output>
        </test-method> <!-- basePageNavigation -->
        <test-method status="PASS" signature="basePageNavigation(java.lang.String, java.lang.String)[pri:0, instance:Work_folder.HomePage@120f102b]" name="basePageNavigation" duration-ms="6282" started-at="2021-04-22T20:55:00Z" data-provider="getData" finished-at="2021-04-22T20:55:07Z">
          <params>
            <param index="0">
              <value>
                <![CDATA[pawar@gmail.com]]>
              </value>
            </param>
            <param index="1">
              <value>
                <![CDATA[123456]]>
              </value>
            </param>
          </params>
          <reporter-output>
          </reporter-output>
        </test-method> <!-- basePageNavigation -->
        <test-method status="PASS" signature="close()[pri:0, instance:Work_folder.HomePage@120f102b]" name="close" is-config="true" duration-ms="155" started-at="2021-04-22T20:55:07Z" finished-at="2021-04-22T20:55:07Z">
          <reporter-output>
          </reporter-output>
        </test-method> <!-- close -->
      </class> <!-- Work_folder.HomePage -->
    </test> <!-- Homepage_Username_Password_validating -->
  </suite> <!-- Suite -->
</testng-results>
