<?xml version="1.0" encoding="UTF-8"?>
<testng-results skipped="0" failed="0" total="1" passed="1">
  <reporter-output>
  </reporter-output>
  <suite name="Default suite" duration-ms="15681" started-at="2021-04-22T20:53:22Z" finished-at="2021-04-22T20:53:38Z">
    <groups>
    </groups>
    <test name="Default test" duration-ms="15681" started-at="2021-04-22T20:53:22Z" finished-at="2021-04-22T20:53:38Z">
      <class name="Work_folder.ValidateTitle">
        <test-method status="PASS" signature="validatetitle()[pri:0, instance:Work_folder.ValidateTitle@302552ec]" name="validatetitle" duration-ms="15594" started-at="2021-04-22T15:53:22Z" finished-at="2021-04-22T15:53:37Z">
          <reporter-output>
          </reporter-output>
        </test-method> <!-- validatetitle -->
        <test-method status="PASS" signature="close()[pri:0, instance:Work_folder.ValidateTitle@302552ec]" name="close" is-config="true" duration-ms="68" started-at="2021-04-22T15:53:37Z" finished-at="2021-04-22T15:53:38Z">
          <reporter-output>
          </reporter-output>
        </test-method> <!-- close -->
      </class> <!-- Work_folder.ValidateTitle -->
    </test> <!-- Default test -->
  </suite> <!-- Default suite -->
</testng-results>
