<?xml version="1.0" encoding="UTF-8"?>
<testng-results skipped="0" failed="1" total="4" passed="3">
  <reporter-output>
  </reporter-output>
  <suite name="Suite" duration-ms="28432" started-at="2021-04-15T19:04:32Z" finished-at="2021-04-15T19:05:00Z">
    <groups>
    </groups>
    <test name="Validating Title" duration-ms="18179" started-at="2021-04-15T19:04:32Z" finished-at="2021-04-15T19:04:50Z">
      <class name="Work_folder.ValidateTitle">
        <test-method status="FAIL" signature="validatetitle()[pri:0, instance:Work_folder.ValidateTitle@14555e0a]" name="validatetitle" duration-ms="16307" started-at="2021-04-15T14:04:32Z" finished-at="2021-04-15T14:04:48Z">
          <exception class="junit.framework.ComparisonFailure">
            <message>
              <![CDATA[expected:<......> but was:<...T...>]]>
            </message>
            <full-stacktrace>
              <![CDATA[junit.framework.ComparisonFailure: expected:<......> but was:<...T...>
	at junit.framework.Assert.assertEquals(Assert.java:81)
	at junit.framework.Assert.assertEquals(Assert.java:87)
	at Work_folder.ValidateTitle.validatetitle(ValidateTitle.java:31)
	at sun.reflect.NativeMethodAccessorImpl.invoke0(Native Method)
	at sun.reflect.NativeMethodAccessorImpl.invoke(NativeMethodAccessorImpl.java:62)
	at sun.reflect.DelegatingMethodAccessorImpl.invoke(DelegatingMethodAccessorImpl.java:43)
	at java.lang.reflect.Method.invoke(Method.java:498)
	at org.testng.internal.MethodInvocationHelper.invokeMethod(MethodInvocationHelper.java:100)
	at org.testng.internal.Invoker.invokeMethod(Invoker.java:646)
	at org.testng.internal.Invoker.invokeTestMethod(Invoker.java:811)
	at org.testng.internal.Invoker.invokeTestMethods(Invoker.java:1129)
	at org.testng.internal.TestMethodWorker.invokeTestMethods(TestMethodWorker.java:129)
	at org.testng.internal.TestMethodWorker.run(TestMethodWorker.java:112)
	at org.testng.TestRunner.privateRun(TestRunner.java:746)
	at org.testng.TestRunner.run(TestRunner.java:600)
	at org.testng.SuiteRunner.runTest(SuiteRunner.java:366)
	at org.testng.SuiteRunner.access$000(SuiteRunner.java:39)
	at org.testng.SuiteRunner$SuiteWorker.run(SuiteRunner.java:400)
	at org.testng.internal.thread.ThreadUtil$2.call(ThreadUtil.java:64)
	at java.util.concurrent.FutureTask.run(FutureTask.java:266)
	at java.util.concurrent.ThreadPoolExecutor.runWorker(ThreadPoolExecutor.java:1149)
	at java.util.concurrent.ThreadPoolExecutor$Worker.run(ThreadPoolExecutor.java:624)
	at java.lang.Thread.run(Thread.java:748)
]]>
            </full-stacktrace>
          </exception> <!-- junit.framework.ComparisonFailure -->
          <reporter-output>
          </reporter-output>
        </test-method> <!-- validatetitle -->
        <test-method status="PASS" signature="close()[pri:0, instance:Work_folder.ValidateTitle@14555e0a]" name="close" is-config="true" duration-ms="336" started-at="2021-04-15T14:04:50Z" finished-at="2021-04-15T14:04:50Z">
          <reporter-output>
          </reporter-output>
        </test-method> <!-- close -->
      </class> <!-- Work_folder.ValidateTitle -->
    </test> <!-- Validating Title -->
    <test name="Validating_Vavigation_Bar" duration-ms="19295" started-at="2021-04-15T19:04:32Z" finished-at="2021-04-15T19:04:51Z">
      <class name="Work_folder.validateNavBar">
        <test-method status="PASS" signature="initilizeDriverInValidateNavBar()[pri:0, instance:Work_folder.validateNavBar@16610890]" name="initilizeDriverInValidateNavBar" is-config="true" duration-ms="4111" started-at="2021-04-15T14:04:32Z" finished-at="2021-04-15T14:04:36Z">
          <reporter-output>
          </reporter-output>
        </test-method> <!-- initilizeDriverInValidateNavBar -->
        <test-method status="PASS" signature="validateVavigationBar()[pri:0, instance:Work_folder.validateNavBar@16610890]" name="validateVavigationBar" duration-ms="10198" started-at="2021-04-15T14:04:36Z" finished-at="2021-04-15T14:04:46Z">
          <reporter-output>
          </reporter-output>
        </test-method> <!-- validateVavigationBar -->
        <test-method status="PASS" signature="close()[pri:0, instance:Work_folder.validateNavBar@16610890]" name="close" is-config="true" duration-ms="4932" started-at="2021-04-15T14:04:46Z" finished-at="2021-04-15T14:04:51Z">
          <reporter-output>
          </reporter-output>
        </test-method> <!-- close -->
      </class> <!-- Work_folder.validateNavBar -->
    </test> <!-- Validating_Vavigation_Bar -->
    <test name="Homepage_Username_Password_validating" duration-ms="28432" started-at="2021-04-15T19:04:32Z" finished-at="2021-04-15T19:05:00Z">
      <class name="Work_folder.HomePage">
        <test-method status="PASS" signature="Initilize()[pri:0, instance:Work_folder.HomePage@3d6f0054]" name="Initilize" is-config="true" duration-ms="3881" started-at="2021-04-15T14:04:32Z" finished-at="2021-04-15T14:04:36Z">
          <reporter-output>
          </reporter-output>
        </test-method> <!-- Initilize -->
        <test-method status="PASS" signature="basePageNavigation(java.lang.String, java.lang.String)[pri:0, instance:Work_folder.HomePage@3d6f0054]" name="basePageNavigation" duration-ms="16305" started-at="2021-04-15T14:04:36Z" data-provider="getData" finished-at="2021-04-15T14:04:52Z">
          <params>
            <param index="0">
              <value>
                <![CDATA[pavan@gmail.com]]>
              </value>
            </param>
            <param index="1">
              <value>
                <![CDATA[123456]]>
              </value>
            </param>
          </params>
          <reporter-output>
          </reporter-output>
        </test-method> <!-- basePageNavigation -->
        <test-method status="PASS" signature="basePageNavigation(java.lang.String, java.lang.String)[pri:0, instance:Work_folder.HomePage@3d6f0054]" name="basePageNavigation" duration-ms="4143" started-at="2021-04-15T14:04:52Z" data-provider="getData" finished-at="2021-04-15T14:04:56Z">
          <params>
            <param index="0">
              <value>
                <![CDATA[pawar@gmail.com]]>
              </value>
            </param>
            <param index="1">
              <value>
                <![CDATA[123456]]>
              </value>
            </param>
          </params>
          <reporter-output>
          </reporter-output>
        </test-method> <!-- basePageNavigation -->
        <test-method status="PASS" signature="close()[pri:0, instance:Work_folder.HomePage@3d6f0054]" name="close" is-config="true" duration-ms="4090" started-at="2021-04-15T14:04:56Z" finished-at="2021-04-15T14:05:00Z">
          <reporter-output>
          </reporter-output>
        </test-method> <!-- close -->
      </class> <!-- Work_folder.HomePage -->
    </test> <!-- Homepage_Username_Password_validating -->
  </suite> <!-- Suite -->
</testng-results>
